CRITICAL - 2022-08-10 05:45:47 --> Undefined variable $totalTime
in SYSTEMPATH\Debug\Toolbar\Views\toolbar.tpl.php on line 40.
 1 SYSTEMPATH\Debug\Toolbar\Views\toolbar.tpl.php(40): CodeIgniter\Debug\Exceptions->errorHandler(2, 'Undefined variable $totalTime', 'SYSTEMPATH\\Debug\\Toolbar\\Views\\toolbar.tpl.php', 40)
 2 SYSTEMPATH\Debug\Toolbar.php(515): include('SYSTEMPATH\\Debug\\Toolbar\\Views\\toolbar.tpl.php')
 3 SYSTEMPATH\Debug\Toolbar.php(478): CodeIgniter\Debug\Toolbar->format([...], 'html')
 4 APPPATH\Config\Events.php(46): CodeIgniter\Debug\Toolbar->respond()
 5 SYSTEMPATH\Events\Events.php(149): CodeIgniter\Events\Events::Config\{closure}()
 6 SYSTEMPATH\CodeIgniter.php(317): CodeIgniter\Events\Events::trigger('pre_system')
 7 FCPATH\index.php(67): CodeIgniter\CodeIgniter->run()
CRITICAL - 2022-08-10 05:53:56 --> syntax error, unexpected double-quote mark, expecting "]"
in APPPATH\Config\Routes.php on line 139.
 1 SYSTEMPATH\CodeIgniter.php(406): CodeIgniter\CodeIgniter->tryToRouteIt(null)
 2 SYSTEMPATH\CodeIgniter.php(340): CodeIgniter\CodeIgniter->handleRequest(null, Object(Config\Cache), false)
 3 FCPATH\index.php(67): CodeIgniter\CodeIgniter->run()
CRITICAL - 2022-08-10 05:53:57 --> syntax error, unexpected double-quote mark, expecting "]"
in APPPATH\Config\Routes.php on line 139.
 1 SYSTEMPATH\CodeIgniter.php(406): CodeIgniter\CodeIgniter->tryToRouteIt(null)
 2 SYSTEMPATH\CodeIgniter.php(340): CodeIgniter\CodeIgniter->handleRequest(null, Object(Config\Cache), false)
 3 FCPATH\index.php(67): CodeIgniter\CodeIgniter->run()
CRITICAL - 2022-08-10 06:06:37 --> Unclosed '[' on line 20 does not match ')'
in APPPATH\Controllers\Backend\Auth.php on line 34.
 1 SYSTEMPATH\Autoloader\Autoloader.php(259): CodeIgniter\Autoloader\Autoloader->includeFile('APPPATH\\Controllers\\Backend\\Auth.php')
 2 SYSTEMPATH\Autoloader\Autoloader.php(237): CodeIgniter\Autoloader\Autoloader->loadInNamespace('App\\Controllers\\Backend\\Auth')
 3 [internal function]: CodeIgniter\Autoloader\Autoloader->loadClass('App\\Controllers\\Backend\\Auth')
 4 SYSTEMPATH\CodeIgniter.php(848): class_exists('\\App\\Controllers\\Backend\\Auth', true)
 5 SYSTEMPATH\CodeIgniter.php(444): CodeIgniter\CodeIgniter->startController()
 6 SYSTEMPATH\CodeIgniter.php(340): CodeIgniter\CodeIgniter->handleRequest(null, Object(Config\Cache), false)
 7 FCPATH\index.php(67): CodeIgniter\CodeIgniter->run()
CRITICAL - 2022-08-10 06:16:51 --> Undefined variable $totalTime
in SYSTEMPATH\Debug\Toolbar\Views\toolbar.tpl.php on line 40.
 1 SYSTEMPATH\Debug\Toolbar\Views\toolbar.tpl.php(40): CodeIgniter\Debug\Exceptions->errorHandler(2, 'Undefined variable $totalTime', 'SYSTEMPATH\\Debug\\Toolbar\\Views\\toolbar.tpl.php', 40)
 2 SYSTEMPATH\Debug\Toolbar.php(515): include('SYSTEMPATH\\Debug\\Toolbar\\Views\\toolbar.tpl.php')
 3 SYSTEMPATH\Debug\Toolbar.php(478): CodeIgniter\Debug\Toolbar->format([...], 'html')
 4 APPPATH\Config\Events.php(46): CodeIgniter\Debug\Toolbar->respond()
 5 SYSTEMPATH\Events\Events.php(149): CodeIgniter\Events\Events::Config\{closure}()
 6 SYSTEMPATH\CodeIgniter.php(317): CodeIgniter\Events\Events::trigger('pre_system')
 7 FCPATH\index.php(67): CodeIgniter\CodeIgniter->run()
CRITICAL - 2022-08-10 06:16:55 --> Class "App\Controllers\Backend\Hash" not found
in APPPATH\Controllers\Backend\Auth.php on line 48.
 1 SYSTEMPATH\CodeIgniter.php(898): App\Controllers\Backend\Auth->login_post()
 2 SYSTEMPATH\CodeIgniter.php(457): CodeIgniter\CodeIgniter->runController(Object(App\Controllers\Backend\Auth))
 3 SYSTEMPATH\CodeIgniter.php(340): CodeIgniter\CodeIgniter->handleRequest(null, Object(Config\Cache), false)
 4 FCPATH\index.php(67): CodeIgniter\CodeIgniter->run()
ERROR - 2022-08-10 06:18:51 --> Error connecting to the database: mysqli_sql_exception: Access denied for user ''@'localhost' (using password: NO) in C:\xampp\htdocs\satilik_temalar\tema1\codeigniter4\system\Database\MySQLi\Connection.php:171
Stack trace:
#0 C:\xampp\htdocs\satilik_temalar\tema1\codeigniter4\system\Database\MySQLi\Connection.php(171): mysqli->real_connect('localhost', '', '', '', 3306, '', 0)
#1 C:\xampp\htdocs\satilik_temalar\tema1\codeigniter4\system\Database\BaseConnection.php(382): CodeIgniter\Database\MySQLi\Connection->connect(false)
#2 C:\xampp\htdocs\satilik_temalar\tema1\codeigniter4\system\Database\BaseConnection.php(588): CodeIgniter\Database\BaseConnection->initialize()
#3 C:\xampp\htdocs\satilik_temalar\tema1\codeigniter4\system\Database\BaseBuilder.php(1585): CodeIgniter\Database\BaseConnection->query('SELECT *\nFROM `...', Array, false)
#4 C:\xampp\htdocs\satilik_temalar\tema1\codeigniter4\system\Model.php(249): CodeIgniter\Database\BaseBuilder->get()
#5 C:\xampp\htdocs\satilik_temalar\tema1\codeigniter4\system\BaseModel.php(622): CodeIgniter\Model->doFirst()
#6 C:\xampp\htdocs\satilik_temalar\tema1\codeigniter4\app\Controllers\Backend\Auth.php(51): CodeIgniter\BaseModel->first()
#7 C:\xampp\htdocs\satilik_temalar\tema1\codeigniter4\system\CodeIgniter.php(898): App\Controllers\Backend\Auth->login_post()
#8 C:\xampp\htdocs\satilik_temalar\tema1\codeigniter4\system\CodeIgniter.php(457): CodeIgniter\CodeIgniter->runController(Object(App\Controllers\Backend\Auth))
#9 C:\xampp\htdocs\satilik_temalar\tema1\codeigniter4\system\CodeIgniter.php(340): CodeIgniter\CodeIgniter->handleRequest(NULL, Object(Config\Cache), false)
#10 C:\xampp\htdocs\satilik_temalar\tema1\codeigniter4\index.php(67): CodeIgniter\CodeIgniter->run()
#11 {main}

Next CodeIgniter\Database\Exceptions\DatabaseException: Access denied for user ''@'localhost' (using password: NO) in C:\xampp\htdocs\satilik_temalar\tema1\codeigniter4\system\Database\MySQLi\Connection.php:215
Stack trace:
#0 C:\xampp\htdocs\satilik_temalar\tema1\codeigniter4\system\Database\BaseConnection.php(382): CodeIgniter\Database\MySQLi\Connection->connect(false)
#1 C:\xampp\htdocs\satilik_temalar\tema1\codeigniter4\system\Database\BaseConnection.php(588): CodeIgniter\Database\BaseConnection->initialize()
#2 C:\xampp\htdocs\satilik_temalar\tema1\codeigniter4\system\Database\BaseBuilder.php(1585): CodeIgniter\Database\BaseConnection->query('SELECT *\nFROM `...', Array, false)
#3 C:\xampp\htdocs\satilik_temalar\tema1\codeigniter4\system\Model.php(249): CodeIgniter\Database\BaseBuilder->get()
#4 C:\xampp\htdocs\satilik_temalar\tema1\codeigniter4\system\BaseModel.php(622): CodeIgniter\Model->doFirst()
#5 C:\xampp\htdocs\satilik_temalar\tema1\codeigniter4\app\Controllers\Backend\Auth.php(51): CodeIgniter\BaseModel->first()
#6 C:\xampp\htdocs\satilik_temalar\tema1\codeigniter4\system\CodeIgniter.php(898): App\Controllers\Backend\Auth->login_post()
#7 C:\xampp\htdocs\satilik_temalar\tema1\codeigniter4\system\CodeIgniter.php(457): CodeIgniter\CodeIgniter->runController(Object(App\Controllers\Backend\Auth))
#8 C:\xampp\htdocs\satilik_temalar\tema1\codeigniter4\system\CodeIgniter.php(340): CodeIgniter\CodeIgniter->handleRequest(NULL, Object(Config\Cache), false)
#9 C:\xampp\htdocs\satilik_temalar\tema1\codeigniter4\index.php(67): CodeIgniter\CodeIgniter->run()
#10 {main}
CRITICAL - 2022-08-10 06:18:51 --> Unable to connect to the database.
Main connection [MySQLi]: Access denied for user ''@'localhost' (using password: NO)
in SYSTEMPATH\Database\BaseConnection.php on line 418.
 1 SYSTEMPATH\Database\BaseConnection.php(588): CodeIgniter\Database\BaseConnection->initialize()
 2 SYSTEMPATH\Database\BaseBuilder.php(1585): CodeIgniter\Database\BaseConnection->query('SELECT *
FROM `users`
WHERE `email` = :email:
 LIMIT 1', [...], false)
 3 SYSTEMPATH\Model.php(249): CodeIgniter\Database\BaseBuilder->get()
 4 SYSTEMPATH\BaseModel.php(622): CodeIgniter\Model->doFirst()
 5 APPPATH\Controllers\Backend\Auth.php(51): CodeIgniter\BaseModel->first()
 6 SYSTEMPATH\CodeIgniter.php(898): App\Controllers\Backend\Auth->login_post()
 7 SYSTEMPATH\CodeIgniter.php(457): CodeIgniter\CodeIgniter->runController(Object(App\Controllers\Backend\Auth))
 8 SYSTEMPATH\CodeIgniter.php(340): CodeIgniter\CodeIgniter->handleRequest(null, Object(Config\Cache), false)
 9 FCPATH\index.php(67): CodeIgniter\CodeIgniter->run()
ERROR - 2022-08-10 06:19:19 --> Error connecting to the database: mysqli_sql_exception: Access denied for user ''@'localhost' (using password: NO) in C:\xampp\htdocs\satilik_temalar\tema1\codeigniter4\system\Database\MySQLi\Connection.php:171
Stack trace:
#0 C:\xampp\htdocs\satilik_temalar\tema1\codeigniter4\system\Database\MySQLi\Connection.php(171): mysqli->real_connect('localhost', '', '', '', 3306, '', 0)
#1 C:\xampp\htdocs\satilik_temalar\tema1\codeigniter4\system\Database\BaseConnection.php(382): CodeIgniter\Database\MySQLi\Connection->connect(false)
#2 C:\xampp\htdocs\satilik_temalar\tema1\codeigniter4\system\Database\BaseConnection.php(588): CodeIgniter\Database\BaseConnection->initialize()
#3 C:\xampp\htdocs\satilik_temalar\tema1\codeigniter4\system\Database\BaseBuilder.php(1585): CodeIgniter\Database\BaseConnection->query('SELECT *\nFROM `...', Array, false)
#4 C:\xampp\htdocs\satilik_temalar\tema1\codeigniter4\system\Model.php(249): CodeIgniter\Database\BaseBuilder->get()
#5 C:\xampp\htdocs\satilik_temalar\tema1\codeigniter4\system\BaseModel.php(622): CodeIgniter\Model->doFirst()
#6 C:\xampp\htdocs\satilik_temalar\tema1\codeigniter4\app\Controllers\Backend\Auth.php(52): CodeIgniter\BaseModel->first()
#7 C:\xampp\htdocs\satilik_temalar\tema1\codeigniter4\system\CodeIgniter.php(898): App\Controllers\Backend\Auth->login_post()
#8 C:\xampp\htdocs\satilik_temalar\tema1\codeigniter4\system\CodeIgniter.php(457): CodeIgniter\CodeIgniter->runController(Object(App\Controllers\Backend\Auth))
#9 C:\xampp\htdocs\satilik_temalar\tema1\codeigniter4\system\CodeIgniter.php(340): CodeIgniter\CodeIgniter->handleRequest(NULL, Object(Config\Cache), false)
#10 C:\xampp\htdocs\satilik_temalar\tema1\codeigniter4\index.php(67): CodeIgniter\CodeIgniter->run()
#11 {main}

Next CodeIgniter\Database\Exceptions\DatabaseException: Access denied for user ''@'localhost' (using password: NO) in C:\xampp\htdocs\satilik_temalar\tema1\codeigniter4\system\Database\MySQLi\Connection.php:215
Stack trace:
#0 C:\xampp\htdocs\satilik_temalar\tema1\codeigniter4\system\Database\BaseConnection.php(382): CodeIgniter\Database\MySQLi\Connection->connect(false)
#1 C:\xampp\htdocs\satilik_temalar\tema1\codeigniter4\system\Database\BaseConnection.php(588): CodeIgniter\Database\BaseConnection->initialize()
#2 C:\xampp\htdocs\satilik_temalar\tema1\codeigniter4\system\Database\BaseBuilder.php(1585): CodeIgniter\Database\BaseConnection->query('SELECT *\nFROM `...', Array, false)
#3 C:\xampp\htdocs\satilik_temalar\tema1\codeigniter4\system\Model.php(249): CodeIgniter\Database\BaseBuilder->get()
#4 C:\xampp\htdocs\satilik_temalar\tema1\codeigniter4\system\BaseModel.php(622): CodeIgniter\Model->doFirst()
#5 C:\xampp\htdocs\satilik_temalar\tema1\codeigniter4\app\Controllers\Backend\Auth.php(52): CodeIgniter\BaseModel->first()
#6 C:\xampp\htdocs\satilik_temalar\tema1\codeigniter4\system\CodeIgniter.php(898): App\Controllers\Backend\Auth->login_post()
#7 C:\xampp\htdocs\satilik_temalar\tema1\codeigniter4\system\CodeIgniter.php(457): CodeIgniter\CodeIgniter->runController(Object(App\Controllers\Backend\Auth))
#8 C:\xampp\htdocs\satilik_temalar\tema1\codeigniter4\system\CodeIgniter.php(340): CodeIgniter\CodeIgniter->handleRequest(NULL, Object(Config\Cache), false)
#9 C:\xampp\htdocs\satilik_temalar\tema1\codeigniter4\index.php(67): CodeIgniter\CodeIgniter->run()
#10 {main}
CRITICAL - 2022-08-10 06:19:19 --> Unable to connect to the database.
Main connection [MySQLi]: Access denied for user ''@'localhost' (using password: NO)
in SYSTEMPATH\Database\BaseConnection.php on line 418.
 1 SYSTEMPATH\Database\BaseConnection.php(588): CodeIgniter\Database\BaseConnection->initialize()
 2 SYSTEMPATH\Database\BaseBuilder.php(1585): CodeIgniter\Database\BaseConnection->query('SELECT *
FROM `users`
WHERE `email` = :email:
 LIMIT 1', [...], false)
 3 SYSTEMPATH\Model.php(249): CodeIgniter\Database\BaseBuilder->get()
 4 SYSTEMPATH\BaseModel.php(622): CodeIgniter\Model->doFirst()
 5 APPPATH\Controllers\Backend\Auth.php(52): CodeIgniter\BaseModel->first()
 6 SYSTEMPATH\CodeIgniter.php(898): App\Controllers\Backend\Auth->login_post()
 7 SYSTEMPATH\CodeIgniter.php(457): CodeIgniter\CodeIgniter->runController(Object(App\Controllers\Backend\Auth))
 8 SYSTEMPATH\CodeIgniter.php(340): CodeIgniter\CodeIgniter->handleRequest(null, Object(Config\Cache), false)
 9 FCPATH\index.php(67): CodeIgniter\CodeIgniter->run()
ERROR - 2022-08-10 06:20:21 --> Error connecting to the database: mysqli_sql_exception: Access denied for user ''@'localhost' (using password: NO) in C:\xampp\htdocs\satilik_temalar\tema1\codeigniter4\system\Database\MySQLi\Connection.php:171
Stack trace:
#0 C:\xampp\htdocs\satilik_temalar\tema1\codeigniter4\system\Database\MySQLi\Connection.php(171): mysqli->real_connect('localhost', '', '', '', 3306, '', 0)
#1 C:\xampp\htdocs\satilik_temalar\tema1\codeigniter4\system\Database\BaseConnection.php(382): CodeIgniter\Database\MySQLi\Connection->connect(false)
#2 C:\xampp\htdocs\satilik_temalar\tema1\codeigniter4\system\Database\BaseConnection.php(588): CodeIgniter\Database\BaseConnection->initialize()
#3 C:\xampp\htdocs\satilik_temalar\tema1\codeigniter4\system\Database\BaseBuilder.php(1585): CodeIgniter\Database\BaseConnection->query('SELECT *\nFROM `...', Array, false)
#4 C:\xampp\htdocs\satilik_temalar\tema1\codeigniter4\system\Model.php(249): CodeIgniter\Database\BaseBuilder->get()
#5 C:\xampp\htdocs\satilik_temalar\tema1\codeigniter4\system\BaseModel.php(622): CodeIgniter\Model->doFirst()
#6 C:\xampp\htdocs\satilik_temalar\tema1\codeigniter4\app\Controllers\Backend\Auth.php(52): CodeIgniter\BaseModel->first()
#7 C:\xampp\htdocs\satilik_temalar\tema1\codeigniter4\system\CodeIgniter.php(898): App\Controllers\Backend\Auth->login_post()
#8 C:\xampp\htdocs\satilik_temalar\tema1\codeigniter4\system\CodeIgniter.php(457): CodeIgniter\CodeIgniter->runController(Object(App\Controllers\Backend\Auth))
#9 C:\xampp\htdocs\satilik_temalar\tema1\codeigniter4\system\CodeIgniter.php(340): CodeIgniter\CodeIgniter->handleRequest(NULL, Object(Config\Cache), false)
#10 C:\xampp\htdocs\satilik_temalar\tema1\codeigniter4\index.php(67): CodeIgniter\CodeIgniter->run()
#11 {main}

Next CodeIgniter\Database\Exceptions\DatabaseException: Access denied for user ''@'localhost' (using password: NO) in C:\xampp\htdocs\satilik_temalar\tema1\codeigniter4\system\Database\MySQLi\Connection.php:215
Stack trace:
#0 C:\xampp\htdocs\satilik_temalar\tema1\codeigniter4\system\Database\BaseConnection.php(382): CodeIgniter\Database\MySQLi\Connection->connect(false)
#1 C:\xampp\htdocs\satilik_temalar\tema1\codeigniter4\system\Database\BaseConnection.php(588): CodeIgniter\Database\BaseConnection->initialize()
#2 C:\xampp\htdocs\satilik_temalar\tema1\codeigniter4\system\Database\BaseBuilder.php(1585): CodeIgniter\Database\BaseConnection->query('SELECT *\nFROM `...', Array, false)
#3 C:\xampp\htdocs\satilik_temalar\tema1\codeigniter4\system\Model.php(249): CodeIgniter\Database\BaseBuilder->get()
#4 C:\xampp\htdocs\satilik_temalar\tema1\codeigniter4\system\BaseModel.php(622): CodeIgniter\Model->doFirst()
#5 C:\xampp\htdocs\satilik_temalar\tema1\codeigniter4\app\Controllers\Backend\Auth.php(52): CodeIgniter\BaseModel->first()
#6 C:\xampp\htdocs\satilik_temalar\tema1\codeigniter4\system\CodeIgniter.php(898): App\Controllers\Backend\Auth->login_post()
#7 C:\xampp\htdocs\satilik_temalar\tema1\codeigniter4\system\CodeIgniter.php(457): CodeIgniter\CodeIgniter->runController(Object(App\Controllers\Backend\Auth))
#8 C:\xampp\htdocs\satilik_temalar\tema1\codeigniter4\system\CodeIgniter.php(340): CodeIgniter\CodeIgniter->handleRequest(NULL, Object(Config\Cache), false)
#9 C:\xampp\htdocs\satilik_temalar\tema1\codeigniter4\index.php(67): CodeIgniter\CodeIgniter->run()
#10 {main}
CRITICAL - 2022-08-10 06:20:21 --> Unable to connect to the database.
Main connection [MySQLi]: Access denied for user ''@'localhost' (using password: NO)
in SYSTEMPATH\Database\BaseConnection.php on line 418.
 1 SYSTEMPATH\Database\BaseConnection.php(588): CodeIgniter\Database\BaseConnection->initialize()
 2 SYSTEMPATH\Database\BaseBuilder.php(1585): CodeIgniter\Database\BaseConnection->query('SELECT *
FROM `users`
WHERE `email` = :email:
 LIMIT 1', [...], false)
 3 SYSTEMPATH\Model.php(249): CodeIgniter\Database\BaseBuilder->get()
 4 SYSTEMPATH\BaseModel.php(622): CodeIgniter\Model->doFirst()
 5 APPPATH\Controllers\Backend\Auth.php(52): CodeIgniter\BaseModel->first()
 6 SYSTEMPATH\CodeIgniter.php(898): App\Controllers\Backend\Auth->login_post()
 7 SYSTEMPATH\CodeIgniter.php(457): CodeIgniter\CodeIgniter->runController(Object(App\Controllers\Backend\Auth))
 8 SYSTEMPATH\CodeIgniter.php(340): CodeIgniter\CodeIgniter->handleRequest(null, Object(Config\Cache), false)
 9 FCPATH\index.php(67): CodeIgniter\CodeIgniter->run()
ERROR - 2022-08-10 06:20:22 --> Error connecting to the database: mysqli_sql_exception: Access denied for user ''@'localhost' (using password: NO) in C:\xampp\htdocs\satilik_temalar\tema1\codeigniter4\system\Database\MySQLi\Connection.php:171
Stack trace:
#0 C:\xampp\htdocs\satilik_temalar\tema1\codeigniter4\system\Database\MySQLi\Connection.php(171): mysqli->real_connect('localhost', '', '', '', 3306, '', 0)
#1 C:\xampp\htdocs\satilik_temalar\tema1\codeigniter4\system\Database\BaseConnection.php(382): CodeIgniter\Database\MySQLi\Connection->connect(false)
#2 C:\xampp\htdocs\satilik_temalar\tema1\codeigniter4\system\Database\BaseConnection.php(588): CodeIgniter\Database\BaseConnection->initialize()
#3 C:\xampp\htdocs\satilik_temalar\tema1\codeigniter4\system\Database\BaseBuilder.php(1585): CodeIgniter\Database\BaseConnection->query('SELECT *\nFROM `...', Array, false)
#4 C:\xampp\htdocs\satilik_temalar\tema1\codeigniter4\system\Model.php(249): CodeIgniter\Database\BaseBuilder->get()
#5 C:\xampp\htdocs\satilik_temalar\tema1\codeigniter4\system\BaseModel.php(622): CodeIgniter\Model->doFirst()
#6 C:\xampp\htdocs\satilik_temalar\tema1\codeigniter4\app\Controllers\Backend\Auth.php(52): CodeIgniter\BaseModel->first()
#7 C:\xampp\htdocs\satilik_temalar\tema1\codeigniter4\system\CodeIgniter.php(898): App\Controllers\Backend\Auth->login_post()
#8 C:\xampp\htdocs\satilik_temalar\tema1\codeigniter4\system\CodeIgniter.php(457): CodeIgniter\CodeIgniter->runController(Object(App\Controllers\Backend\Auth))
#9 C:\xampp\htdocs\satilik_temalar\tema1\codeigniter4\system\CodeIgniter.php(340): CodeIgniter\CodeIgniter->handleRequest(NULL, Object(Config\Cache), false)
#10 C:\xampp\htdocs\satilik_temalar\tema1\codeigniter4\index.php(67): CodeIgniter\CodeIgniter->run()
#11 {main}

Next CodeIgniter\Database\Exceptions\DatabaseException: Access denied for user ''@'localhost' (using password: NO) in C:\xampp\htdocs\satilik_temalar\tema1\codeigniter4\system\Database\MySQLi\Connection.php:215
Stack trace:
#0 C:\xampp\htdocs\satilik_temalar\tema1\codeigniter4\system\Database\BaseConnection.php(382): CodeIgniter\Database\MySQLi\Connection->connect(false)
#1 C:\xampp\htdocs\satilik_temalar\tema1\codeigniter4\system\Database\BaseConnection.php(588): CodeIgniter\Database\BaseConnection->initialize()
#2 C:\xampp\htdocs\satilik_temalar\tema1\codeigniter4\system\Database\BaseBuilder.php(1585): CodeIgniter\Database\BaseConnection->query('SELECT *\nFROM `...', Array, false)
#3 C:\xampp\htdocs\satilik_temalar\tema1\codeigniter4\system\Model.php(249): CodeIgniter\Database\BaseBuilder->get()
#4 C:\xampp\htdocs\satilik_temalar\tema1\codeigniter4\system\BaseModel.php(622): CodeIgniter\Model->doFirst()
#5 C:\xampp\htdocs\satilik_temalar\tema1\codeigniter4\app\Controllers\Backend\Auth.php(52): CodeIgniter\BaseModel->first()
#6 C:\xampp\htdocs\satilik_temalar\tema1\codeigniter4\system\CodeIgniter.php(898): App\Controllers\Backend\Auth->login_post()
#7 C:\xampp\htdocs\satilik_temalar\tema1\codeigniter4\system\CodeIgniter.php(457): CodeIgniter\CodeIgniter->runController(Object(App\Controllers\Backend\Auth))
#8 C:\xampp\htdocs\satilik_temalar\tema1\codeigniter4\system\CodeIgniter.php(340): CodeIgniter\CodeIgniter->handleRequest(NULL, Object(Config\Cache), false)
#9 C:\xampp\htdocs\satilik_temalar\tema1\codeigniter4\index.php(67): CodeIgniter\CodeIgniter->run()
#10 {main}
CRITICAL - 2022-08-10 06:20:22 --> Unable to connect to the database.
Main connection [MySQLi]: Access denied for user ''@'localhost' (using password: NO)
in SYSTEMPATH\Database\BaseConnection.php on line 418.
 1 SYSTEMPATH\Database\BaseConnection.php(588): CodeIgniter\Database\BaseConnection->initialize()
 2 SYSTEMPATH\Database\BaseBuilder.php(1585): CodeIgniter\Database\BaseConnection->query('SELECT *
FROM `users`
WHERE `email` = :email:
 LIMIT 1', [...], false)
 3 SYSTEMPATH\Model.php(249): CodeIgniter\Database\BaseBuilder->get()
 4 SYSTEMPATH\BaseModel.php(622): CodeIgniter\Model->doFirst()
 5 APPPATH\Controllers\Backend\Auth.php(52): CodeIgniter\BaseModel->first()
 6 SYSTEMPATH\CodeIgniter.php(898): App\Controllers\Backend\Auth->login_post()
 7 SYSTEMPATH\CodeIgniter.php(457): CodeIgniter\CodeIgniter->runController(Object(App\Controllers\Backend\Auth))
 8 SYSTEMPATH\CodeIgniter.php(340): CodeIgniter\CodeIgniter->handleRequest(null, Object(Config\Cache), false)
 9 FCPATH\index.php(67): CodeIgniter\CodeIgniter->run()
CRITICAL - 2022-08-10 06:21:53 --> Trying to access array offset on value of type null
in APPPATH\Controllers\Backend\Auth.php on line 54.
 1 APPPATH\Controllers\Backend\Auth.php(54): CodeIgniter\Debug\Exceptions->errorHandler(2, 'Trying to access array offset on value of type null', 'APPPATH\\Controllers\\Backend\\Auth.php', 54)
 2 SYSTEMPATH\CodeIgniter.php(898): App\Controllers\Backend\Auth->login_post()
 3 SYSTEMPATH\CodeIgniter.php(457): CodeIgniter\CodeIgniter->runController(Object(App\Controllers\Backend\Auth))
 4 SYSTEMPATH\CodeIgniter.php(340): CodeIgniter\CodeIgniter->handleRequest(null, Object(Config\Cache), false)
 5 FCPATH\index.php(67): CodeIgniter\CodeIgniter->run()
CRITICAL - 2022-08-10 06:46:18 --> CodeIgniter\Router\RouteCollection::get(): Argument #3 ($options) must be of type ?array, string given, called in C:\xampp\htdocs\satilik_temalar\tema1\codeigniter4\app\Config\Routes.php on line 93
in SYSTEMPATH\Router\RouteCollection.php on line 876.
 1 APPPATH\Config\Routes.php(93): CodeIgniter\Router\RouteCollection->get('dashboard/login', [...], 'Backend\\Auth::login')
 2 SYSTEMPATH\CodeIgniter.php(760): require('APPPATH\\Config\\Routes.php')
 3 SYSTEMPATH\CodeIgniter.php(406): CodeIgniter\CodeIgniter->tryToRouteIt(Object(CodeIgniter\Router\RouteCollection))
 4 SYSTEMPATH\CodeIgniter.php(340): CodeIgniter\CodeIgniter->handleRequest(null, Object(Config\Cache), false)
 5 FCPATH\index.php(67): CodeIgniter\CodeIgniter->run()
CRITICAL - 2022-08-10 06:47:08 --> CodeIgniter\Router\RouteCollection::get(): Argument #3 ($options) must be of type ?array, string given, called in C:\xampp\htdocs\satilik_temalar\tema1\codeigniter4\app\Config\Routes.php on line 93
in SYSTEMPATH\Router\RouteCollection.php on line 876.
 1 APPPATH\Config\Routes.php(93): CodeIgniter\Router\RouteCollection->get('dashboard/login', [...], 'Backend\\Auth::login')
 2 SYSTEMPATH\CodeIgniter.php(760): require('APPPATH\\Config\\Routes.php')
 3 SYSTEMPATH\CodeIgniter.php(406): CodeIgniter\CodeIgniter->tryToRouteIt(Object(CodeIgniter\Router\RouteCollection))
 4 SYSTEMPATH\CodeIgniter.php(340): CodeIgniter\CodeIgniter->handleRequest(null, Object(Config\Cache), false)
 5 FCPATH\index.php(67): CodeIgniter\CodeIgniter->run()
CRITICAL - 2022-08-10 06:47:11 --> CodeIgniter\Router\RouteCollection::get(): Argument #3 ($options) must be of type ?array, string given, called in C:\xampp\htdocs\satilik_temalar\tema1\codeigniter4\app\Config\Routes.php on line 93
in SYSTEMPATH\Router\RouteCollection.php on line 876.
 1 APPPATH\Config\Routes.php(93): CodeIgniter\Router\RouteCollection->get('dashboard/login', [...], 'Backend\\Auth::login')
 2 SYSTEMPATH\CodeIgniter.php(760): require('APPPATH\\Config\\Routes.php')
 3 SYSTEMPATH\CodeIgniter.php(406): CodeIgniter\CodeIgniter->tryToRouteIt(Object(CodeIgniter\Router\RouteCollection))
 4 SYSTEMPATH\CodeIgniter.php(340): CodeIgniter\CodeIgniter->handleRequest(null, Object(Config\Cache), false)
 5 FCPATH\index.php(67): CodeIgniter\CodeIgniter->run()
CRITICAL - 2022-08-10 06:47:13 --> CodeIgniter\Router\RouteCollection::get(): Argument #3 ($options) must be of type ?array, string given, called in C:\xampp\htdocs\satilik_temalar\tema1\codeigniter4\app\Config\Routes.php on line 93
in SYSTEMPATH\Router\RouteCollection.php on line 876.
 1 APPPATH\Config\Routes.php(93): CodeIgniter\Router\RouteCollection->get('dashboard/login', [...], 'Backend\\Auth::login')
 2 SYSTEMPATH\CodeIgniter.php(760): require('APPPATH\\Config\\Routes.php')
 3 SYSTEMPATH\CodeIgniter.php(406): CodeIgniter\CodeIgniter->tryToRouteIt(Object(CodeIgniter\Router\RouteCollection))
 4 SYSTEMPATH\CodeIgniter.php(340): CodeIgniter\CodeIgniter->handleRequest(null, Object(Config\Cache), false)
 5 FCPATH\index.php(67): CodeIgniter\CodeIgniter->run()
CRITICAL - 2022-08-10 06:47:29 --> CodeIgniter\Router\RouteCollection::get(): Argument #3 ($options) must be of type ?array, string given, called in C:\xampp\htdocs\satilik_temalar\tema1\codeigniter4\app\Config\Routes.php on line 93
in SYSTEMPATH\Router\RouteCollection.php on line 876.
 1 APPPATH\Config\Routes.php(93): CodeIgniter\Router\RouteCollection->get('dashboard/login', [...], 'Backend\\Auth::login')
 2 SYSTEMPATH\CodeIgniter.php(760): require('APPPATH\\Config\\Routes.php')
 3 SYSTEMPATH\CodeIgniter.php(406): CodeIgniter\CodeIgniter->tryToRouteIt(Object(CodeIgniter\Router\RouteCollection))
 4 SYSTEMPATH\CodeIgniter.php(340): CodeIgniter\CodeIgniter->handleRequest(null, Object(Config\Cache), false)
 5 FCPATH\index.php(67): CodeIgniter\CodeIgniter->run()
CRITICAL - 2022-08-10 06:47:30 --> CodeIgniter\Router\RouteCollection::get(): Argument #3 ($options) must be of type ?array, string given, called in C:\xampp\htdocs\satilik_temalar\tema1\codeigniter4\app\Config\Routes.php on line 93
in SYSTEMPATH\Router\RouteCollection.php on line 876.
 1 APPPATH\Config\Routes.php(93): CodeIgniter\Router\RouteCollection->get('dashboard/login', [...], 'Backend\\Auth::login')
 2 SYSTEMPATH\CodeIgniter.php(760): require('APPPATH\\Config\\Routes.php')
 3 SYSTEMPATH\CodeIgniter.php(406): CodeIgniter\CodeIgniter->tryToRouteIt(Object(CodeIgniter\Router\RouteCollection))
 4 SYSTEMPATH\CodeIgniter.php(340): CodeIgniter\CodeIgniter->handleRequest(null, Object(Config\Cache), false)
 5 FCPATH\index.php(67): CodeIgniter\CodeIgniter->run()
CRITICAL - 2022-08-10 06:47:30 --> CodeIgniter\Router\RouteCollection::get(): Argument #3 ($options) must be of type ?array, string given, called in C:\xampp\htdocs\satilik_temalar\tema1\codeigniter4\app\Config\Routes.php on line 93
in SYSTEMPATH\Router\RouteCollection.php on line 876.
 1 APPPATH\Config\Routes.php(93): CodeIgniter\Router\RouteCollection->get('dashboard/login', [...], 'Backend\\Auth::login')
 2 SYSTEMPATH\CodeIgniter.php(760): require('APPPATH\\Config\\Routes.php')
 3 SYSTEMPATH\CodeIgniter.php(406): CodeIgniter\CodeIgniter->tryToRouteIt(Object(CodeIgniter\Router\RouteCollection))
 4 SYSTEMPATH\CodeIgniter.php(340): CodeIgniter\CodeIgniter->handleRequest(null, Object(Config\Cache), false)
 5 FCPATH\index.php(67): CodeIgniter\CodeIgniter->run()
CRITICAL - 2022-08-10 06:59:36 --> Undefined variable $userData
in APPPATH\Views\back\layouts\footer.php on line 68.
 1 APPPATH\Views\back\layouts\footer.php(68): CodeIgniter\Debug\Exceptions->errorHandler(2, 'Undefined variable $userData', 'APPPATH\\Views\\back\\layouts\\footer.php', 68)
 2 SYSTEMPATH\View\View.php(213): include('APPPATH\\Views\\back\\layouts\\footer.php')
 3 SYSTEMPATH\View\View.php(216): CodeIgniter\View\View->CodeIgniter\View\{closure}()
 4 SYSTEMPATH\View\View.php(429): CodeIgniter\View\View->render('back/layouts/footer', null, true)
 5 APPPATH\Views\back\layouts\master.php(18): CodeIgniter\View\View->include('back/layouts/footer')
 6 SYSTEMPATH\View\View.php(213): include('APPPATH\\Views\\back\\layouts\\master.php')
 7 SYSTEMPATH\View\View.php(216): CodeIgniter\View\View->CodeIgniter\View\{closure}()
 8 SYSTEMPATH\View\View.php(229): CodeIgniter\View\View->render('back/layouts/master', [], true)
 9 SYSTEMPATH\Common.php(1137): CodeIgniter\View\View->render('back/dashboard', [], true)
10 APPPATH\Controllers\Backend\Dashboard.php(15): view('back/dashboard', [...])
11 SYSTEMPATH\CodeIgniter.php(898): App\Controllers\Backend\Dashboard->index()
12 SYSTEMPATH\CodeIgniter.php(457): CodeIgniter\CodeIgniter->runController(Object(App\Controllers\Backend\Dashboard))
13 SYSTEMPATH\CodeIgniter.php(340): CodeIgniter\CodeIgniter->handleRequest(null, Object(Config\Cache), false)
14 FCPATH\index.php(67): CodeIgniter\CodeIgniter->run()
CRITICAL - 2022-08-10 07:00:23 --> Undefined variable $userData
in APPPATH\Views\back\layouts\footer.php on line 68.
 1 APPPATH\Views\back\layouts\footer.php(68): CodeIgniter\Debug\Exceptions->errorHandler(2, 'Undefined variable $userData', 'APPPATH\\Views\\back\\layouts\\footer.php', 68)
 2 SYSTEMPATH\View\View.php(213): include('APPPATH\\Views\\back\\layouts\\footer.php')
 3 SYSTEMPATH\View\View.php(216): CodeIgniter\View\View->CodeIgniter\View\{closure}()
 4 SYSTEMPATH\View\View.php(429): CodeIgniter\View\View->render('back/layouts/footer', null, true)
 5 APPPATH\Views\back\layouts\master.php(18): CodeIgniter\View\View->include('back/layouts/footer')
 6 SYSTEMPATH\View\View.php(213): include('APPPATH\\Views\\back\\layouts\\master.php')
 7 SYSTEMPATH\View\View.php(216): CodeIgniter\View\View->CodeIgniter\View\{closure}()
 8 SYSTEMPATH\View\View.php(229): CodeIgniter\View\View->render('back/layouts/master', [], true)
 9 SYSTEMPATH\Common.php(1137): CodeIgniter\View\View->render('back/dashboard', [], true)
10 APPPATH\Controllers\Backend\Dashboard.php(15): view('back/dashboard', [...])
11 SYSTEMPATH\CodeIgniter.php(898): App\Controllers\Backend\Dashboard->index()
12 SYSTEMPATH\CodeIgniter.php(457): CodeIgniter\CodeIgniter->runController(Object(App\Controllers\Backend\Dashboard))
13 SYSTEMPATH\CodeIgniter.php(340): CodeIgniter\CodeIgniter->handleRequest(null, Object(Config\Cache), false)
14 FCPATH\index.php(67): CodeIgniter\CodeIgniter->run()
CRITICAL - 2022-08-10 07:01:09 --> Cannot use object of type CodeIgniter\HTTP\IncomingRequest as array
in APPPATH\Controllers\Backend\Dashboard.php on line 14.
 1 SYSTEMPATH\CodeIgniter.php(898): App\Controllers\Backend\Dashboard->index()
 2 SYSTEMPATH\CodeIgniter.php(457): CodeIgniter\CodeIgniter->runController(Object(App\Controllers\Backend\Dashboard))
 3 SYSTEMPATH\CodeIgniter.php(340): CodeIgniter\CodeIgniter->handleRequest(null, Object(Config\Cache), false)
 4 FCPATH\index.php(67): CodeIgniter\CodeIgniter->run()
CRITICAL - 2022-08-10 07:01:56 --> Undefined property: CodeIgniter\HTTP\IncomingRequest::$activeUser
in APPPATH\Controllers\Backend\Dashboard.php on line 14.
 1 APPPATH\Controllers\Backend\Dashboard.php(14): CodeIgniter\Debug\Exceptions->errorHandler(2, 'Undefined property: CodeIgniter\\HTTP\\IncomingRequest::$activeUser', 'APPPATH\\Controllers\\Backend\\Dashboard.php', 14)
 2 SYSTEMPATH\CodeIgniter.php(898): App\Controllers\Backend\Dashboard->index()
 3 SYSTEMPATH\CodeIgniter.php(457): CodeIgniter\CodeIgniter->runController(Object(App\Controllers\Backend\Dashboard))
 4 SYSTEMPATH\CodeIgniter.php(340): CodeIgniter\CodeIgniter->handleRequest(null, Object(Config\Cache), false)
 5 FCPATH\index.php(67): CodeIgniter\CodeIgniter->run()
CRITICAL - 2022-08-10 07:01:58 --> Undefined property: CodeIgniter\HTTP\IncomingRequest::$activeUser
in APPPATH\Controllers\Backend\Dashboard.php on line 14.
 1 APPPATH\Controllers\Backend\Dashboard.php(14): CodeIgniter\Debug\Exceptions->errorHandler(2, 'Undefined property: CodeIgniter\\HTTP\\IncomingRequest::$activeUser', 'APPPATH\\Controllers\\Backend\\Dashboard.php', 14)
 2 SYSTEMPATH\CodeIgniter.php(898): App\Controllers\Backend\Dashboard->index()
 3 SYSTEMPATH\CodeIgniter.php(457): CodeIgniter\CodeIgniter->runController(Object(App\Controllers\Backend\Dashboard))
 4 SYSTEMPATH\CodeIgniter.php(340): CodeIgniter\CodeIgniter->handleRequest(null, Object(Config\Cache), false)
 5 FCPATH\index.php(67): CodeIgniter\CodeIgniter->run()
CRITICAL - 2022-08-10 07:05:42 --> Call to undefined method App\Models\UsersModel::or_where
in SYSTEMPATH\Model.php on line 773.
 1 APPPATH\Controllers\Backend\Auth.php(52): CodeIgniter\Model->__call('or_where', [...])
 2 SYSTEMPATH\CodeIgniter.php(898): App\Controllers\Backend\Auth->login_post()
 3 SYSTEMPATH\CodeIgniter.php(457): CodeIgniter\CodeIgniter->runController(Object(App\Controllers\Backend\Auth))
 4 SYSTEMPATH\CodeIgniter.php(340): CodeIgniter\CodeIgniter->handleRequest(null, Object(Config\Cache), false)
 5 FCPATH\index.php(67): CodeIgniter\CodeIgniter->run()
CRITICAL - 2022-08-10 07:08:11 --> Undefined property: App\Controllers\Backend\Auth::$db
in APPPATH\Controllers\Backend\Auth.php on line 52.
 1 APPPATH\Controllers\Backend\Auth.php(52): CodeIgniter\Debug\Exceptions->errorHandler(2, 'Undefined property: App\\Controllers\\Backend\\Auth::$db', 'APPPATH\\Controllers\\Backend\\Auth.php', 52)
 2 SYSTEMPATH\CodeIgniter.php(898): App\Controllers\Backend\Auth->login_post()
 3 SYSTEMPATH\CodeIgniter.php(457): CodeIgniter\CodeIgniter->runController(Object(App\Controllers\Backend\Auth))
 4 SYSTEMPATH\CodeIgniter.php(340): CodeIgniter\CodeIgniter->handleRequest(null, Object(Config\Cache), false)
 5 FCPATH\index.php(67): CodeIgniter\CodeIgniter->run()
CRITICAL - 2022-08-10 07:10:15 --> Call to undefined method App\Models\UsersModel::or_where
in SYSTEMPATH\Model.php on line 773.
 1 APPPATH\Controllers\Backend\Auth.php(52): CodeIgniter\Model->__call('or_where', [...])
 2 SYSTEMPATH\CodeIgniter.php(898): App\Controllers\Backend\Auth->login_post()
 3 SYSTEMPATH\CodeIgniter.php(457): CodeIgniter\CodeIgniter->runController(Object(App\Controllers\Backend\Auth))
 4 SYSTEMPATH\CodeIgniter.php(340): CodeIgniter\CodeIgniter->handleRequest(null, Object(Config\Cache), false)
 5 FCPATH\index.php(67): CodeIgniter\CodeIgniter->run()
CRITICAL - 2022-08-10 07:13:00 --> Call to undefined method CodeIgniter\Database\MySQLi\Builder::first()
in APPPATH\Controllers\Backend\Auth.php on line 52.
 1 SYSTEMPATH\CodeIgniter.php(898): App\Controllers\Backend\Auth->login_post()
 2 SYSTEMPATH\CodeIgniter.php(457): CodeIgniter\CodeIgniter->runController(Object(App\Controllers\Backend\Auth))
 3 SYSTEMPATH\CodeIgniter.php(340): CodeIgniter\CodeIgniter->handleRequest(null, Object(Config\Cache), false)
 4 FCPATH\index.php(67): CodeIgniter\CodeIgniter->run()
CRITICAL - 2022-08-10 07:13:14 --> Cannot use object of type CodeIgniter\Database\MySQLi\Result as array
in APPPATH\Controllers\Backend\Auth.php on line 55.
 1 SYSTEMPATH\CodeIgniter.php(898): App\Controllers\Backend\Auth->login_post()
 2 SYSTEMPATH\CodeIgniter.php(457): CodeIgniter\CodeIgniter->runController(Object(App\Controllers\Backend\Auth))
 3 SYSTEMPATH\CodeIgniter.php(340): CodeIgniter\CodeIgniter->handleRequest(null, Object(Config\Cache), false)
 4 FCPATH\index.php(67): CodeIgniter\CodeIgniter->run()
CRITICAL - 2022-08-10 07:13:15 --> Cannot use object of type CodeIgniter\Database\MySQLi\Result as array
in APPPATH\Controllers\Backend\Auth.php on line 55.
 1 SYSTEMPATH\CodeIgniter.php(898): App\Controllers\Backend\Auth->login_post()
 2 SYSTEMPATH\CodeIgniter.php(457): CodeIgniter\CodeIgniter->runController(Object(App\Controllers\Backend\Auth))
 3 SYSTEMPATH\CodeIgniter.php(340): CodeIgniter\CodeIgniter->handleRequest(null, Object(Config\Cache), false)
 4 FCPATH\index.php(67): CodeIgniter\CodeIgniter->run()
CRITICAL - 2022-08-10 07:13:34 --> Undefined array key "password"
in APPPATH\Controllers\Backend\Auth.php on line 55.
 1 APPPATH\Controllers\Backend\Auth.php(55): CodeIgniter\Debug\Exceptions->errorHandler(2, 'Undefined array key "password"', 'APPPATH\\Controllers\\Backend\\Auth.php', 55)
 2 SYSTEMPATH\CodeIgniter.php(898): App\Controllers\Backend\Auth->login_post()
 3 SYSTEMPATH\CodeIgniter.php(457): CodeIgniter\CodeIgniter->runController(Object(App\Controllers\Backend\Auth))
 4 SYSTEMPATH\CodeIgniter.php(340): CodeIgniter\CodeIgniter->handleRequest(null, Object(Config\Cache), false)
 5 FCPATH\index.php(67): CodeIgniter\CodeIgniter->run()
CRITICAL - 2022-08-10 07:13:53 --> mysqli_result::fetch_object(): Argument #1 ($class) must be a valid class name,  given
in SYSTEMPATH\Database\MySQLi\Result.php on line 148.
 1 SYSTEMPATH\Database\MySQLi\Result.php(148): mysqli_result->fetch_object('C:\\xampp\\htdocs\\satilik_temalar\\tema1\\codeigniter4')
 2 SYSTEMPATH\Database\BaseResult.php(149): CodeIgniter\Database\MySQLi\Result->fetchObject('C:\\xampp\\htdocs\\satilik_temalar\\tema1\\codeigniter4')
 3 SYSTEMPATH\Database\BaseResult.php(106): CodeIgniter\Database\BaseResult->getCustomResultObject('C:\\xampp\\htdocs\\satilik_temalar\\tema1\\codeigniter4')
 4 APPPATH\Controllers\Backend\Auth.php(52): CodeIgniter\Database\BaseResult->getResult('C:\\xampp\\htdocs\\satilik_temalar\\tema1\\codeigniter4')
 5 SYSTEMPATH\CodeIgniter.php(898): App\Controllers\Backend\Auth->login_post()
 6 SYSTEMPATH\CodeIgniter.php(457): CodeIgniter\CodeIgniter->runController(Object(App\Controllers\Backend\Auth))
 7 SYSTEMPATH\CodeIgniter.php(340): CodeIgniter\CodeIgniter->handleRequest(null, Object(Config\Cache), false)
 8 FCPATH\index.php(67): CodeIgniter\CodeIgniter->run()
CRITICAL - 2022-08-10 07:14:21 --> Undefined array key "password"
in APPPATH\Controllers\Backend\Auth.php on line 56.
 1 APPPATH\Controllers\Backend\Auth.php(56): CodeIgniter\Debug\Exceptions->errorHandler(2, 'Undefined array key "password"', 'APPPATH\\Controllers\\Backend\\Auth.php', 56)
 2 SYSTEMPATH\CodeIgniter.php(898): App\Controllers\Backend\Auth->login_post()
 3 SYSTEMPATH\CodeIgniter.php(457): CodeIgniter\CodeIgniter->runController(Object(App\Controllers\Backend\Auth))
 4 SYSTEMPATH\CodeIgniter.php(340): CodeIgniter\CodeIgniter->handleRequest(null, Object(Config\Cache), false)
 5 FCPATH\index.php(67): CodeIgniter\CodeIgniter->run()
CRITICAL - 2022-08-10 07:14:22 --> Undefined array key "password"
in APPPATH\Controllers\Backend\Auth.php on line 56.
 1 APPPATH\Controllers\Backend\Auth.php(56): CodeIgniter\Debug\Exceptions->errorHandler(2, 'Undefined array key "password"', 'APPPATH\\Controllers\\Backend\\Auth.php', 56)
 2 SYSTEMPATH\CodeIgniter.php(898): App\Controllers\Backend\Auth->login_post()
 3 SYSTEMPATH\CodeIgniter.php(457): CodeIgniter\CodeIgniter->runController(Object(App\Controllers\Backend\Auth))
 4 SYSTEMPATH\CodeIgniter.php(340): CodeIgniter\CodeIgniter->handleRequest(null, Object(Config\Cache), false)
 5 FCPATH\index.php(67): CodeIgniter\CodeIgniter->run()
CRITICAL - 2022-08-10 07:14:42 --> Call to undefined method CodeIgniter\Database\MySQLi\Builder::getOne()
in APPPATH\Controllers\Backend\Auth.php on line 52.
 1 SYSTEMPATH\CodeIgniter.php(898): App\Controllers\Backend\Auth->login_post()
 2 SYSTEMPATH\CodeIgniter.php(457): CodeIgniter\CodeIgniter->runController(Object(App\Controllers\Backend\Auth))
 3 SYSTEMPATH\CodeIgniter.php(340): CodeIgniter\CodeIgniter->handleRequest(null, Object(Config\Cache), false)
 4 FCPATH\index.php(67): CodeIgniter\CodeIgniter->run()
CRITICAL - 2022-08-10 07:15:13 --> Call to undefined method CodeIgniter\Database\MySQLi\Builder::row()
in APPPATH\Controllers\Backend\Auth.php on line 52.
 1 SYSTEMPATH\CodeIgniter.php(898): App\Controllers\Backend\Auth->login_post()
 2 SYSTEMPATH\CodeIgniter.php(457): CodeIgniter\CodeIgniter->runController(Object(App\Controllers\Backend\Auth))
 3 SYSTEMPATH\CodeIgniter.php(340): CodeIgniter\CodeIgniter->handleRequest(null, Object(Config\Cache), false)
 4 FCPATH\index.php(67): CodeIgniter\CodeIgniter->run()
CRITICAL - 2022-08-10 07:15:35 --> Call to undefined method CodeIgniter\Database\MySQLi\Result::row()
in APPPATH\Controllers\Backend\Auth.php on line 52.
 1 SYSTEMPATH\CodeIgniter.php(898): App\Controllers\Backend\Auth->login_post()
 2 SYSTEMPATH\CodeIgniter.php(457): CodeIgniter\CodeIgniter->runController(Object(App\Controllers\Backend\Auth))
 3 SYSTEMPATH\CodeIgniter.php(340): CodeIgniter\CodeIgniter->handleRequest(null, Object(Config\Cache), false)
 4 FCPATH\index.php(67): CodeIgniter\CodeIgniter->run()
CRITICAL - 2022-08-10 07:17:39 --> Call to undefined method CodeIgniter\Database\MySQLi\Result::row()
in APPPATH\Controllers\Backend\Auth.php on line 55.
 1 SYSTEMPATH\CodeIgniter.php(898): App\Controllers\Backend\Auth->login_post()
 2 SYSTEMPATH\CodeIgniter.php(457): CodeIgniter\CodeIgniter->runController(Object(App\Controllers\Backend\Auth))
 3 SYSTEMPATH\CodeIgniter.php(340): CodeIgniter\CodeIgniter->handleRequest(null, Object(Config\Cache), false)
 4 FCPATH\index.php(67): CodeIgniter\CodeIgniter->run()
CRITICAL - 2022-08-10 07:17:44 --> Call to undefined method CodeIgniter\Database\MySQLi\Result::row()
in APPPATH\Controllers\Backend\Auth.php on line 55.
 1 SYSTEMPATH\CodeIgniter.php(898): App\Controllers\Backend\Auth->login_post()
 2 SYSTEMPATH\CodeIgniter.php(457): CodeIgniter\CodeIgniter->runController(Object(App\Controllers\Backend\Auth))
 3 SYSTEMPATH\CodeIgniter.php(340): CodeIgniter\CodeIgniter->handleRequest(null, Object(Config\Cache), false)
 4 FCPATH\index.php(67): CodeIgniter\CodeIgniter->run()
CRITICAL - 2022-08-10 07:18:28 --> Call to undefined method CodeIgniter\Database\MySQLi\Result::row_array()
in APPPATH\Controllers\Backend\Auth.php on line 55.
 1 SYSTEMPATH\CodeIgniter.php(898): App\Controllers\Backend\Auth->login_post()
 2 SYSTEMPATH\CodeIgniter.php(457): CodeIgniter\CodeIgniter->runController(Object(App\Controllers\Backend\Auth))
 3 SYSTEMPATH\CodeIgniter.php(340): CodeIgniter\CodeIgniter->handleRequest(null, Object(Config\Cache), false)
 4 FCPATH\index.php(67): CodeIgniter\CodeIgniter->run()
CRITICAL - 2022-08-10 07:20:00 --> Call to a member function row_array() on array
in APPPATH\Controllers\Backend\Auth.php on line 55.
 1 SYSTEMPATH\CodeIgniter.php(898): App\Controllers\Backend\Auth->login_post()
 2 SYSTEMPATH\CodeIgniter.php(457): CodeIgniter\CodeIgniter->runController(Object(App\Controllers\Backend\Auth))
 3 SYSTEMPATH\CodeIgniter.php(340): CodeIgniter\CodeIgniter->handleRequest(null, Object(Config\Cache), false)
 4 FCPATH\index.php(67): CodeIgniter\CodeIgniter->run()
ERROR - 2022-08-10 07:21:07 --> mysqli_sql_exception: You have an error in your SQL syntax; check the manual that corresponds to your MariaDB server version for the right syntax to use near '@demo.com
 LIMIT 1' at line 4 in C:\xampp\htdocs\satilik_temalar\tema1\codeigniter4\system\Database\MySQLi\Connection.php:292
Stack trace:
#0 C:\xampp\htdocs\satilik_temalar\tema1\codeigniter4\system\Database\MySQLi\Connection.php(292): mysqli->query('SELECT *\nFROM `...', 0)
#1 C:\xampp\htdocs\satilik_temalar\tema1\codeigniter4\system\Database\BaseConnection.php(693): CodeIgniter\Database\MySQLi\Connection->execute('SELECT *\nFROM `...')
#2 C:\xampp\htdocs\satilik_temalar\tema1\codeigniter4\system\Database\BaseConnection.php(620): CodeIgniter\Database\BaseConnection->simpleQuery('SELECT *\nFROM `...')
#3 C:\xampp\htdocs\satilik_temalar\tema1\codeigniter4\system\Database\BaseBuilder.php(1585): CodeIgniter\Database\BaseConnection->query('SELECT *\nFROM `...', Array, false)
#4 C:\xampp\htdocs\satilik_temalar\tema1\codeigniter4\system\Model.php(249): CodeIgniter\Database\BaseBuilder->get()
#5 C:\xampp\htdocs\satilik_temalar\tema1\codeigniter4\system\BaseModel.php(622): CodeIgniter\Model->doFirst()
#6 C:\xampp\htdocs\satilik_temalar\tema1\codeigniter4\app\Controllers\Backend\Auth.php(52): CodeIgniter\BaseModel->first()
#7 C:\xampp\htdocs\satilik_temalar\tema1\codeigniter4\system\CodeIgniter.php(898): App\Controllers\Backend\Auth->login_post()
#8 C:\xampp\htdocs\satilik_temalar\tema1\codeigniter4\system\CodeIgniter.php(457): CodeIgniter\CodeIgniter->runController(Object(App\Controllers\Backend\Auth))
#9 C:\xampp\htdocs\satilik_temalar\tema1\codeigniter4\system\CodeIgniter.php(340): CodeIgniter\CodeIgniter->handleRequest(NULL, Object(Config\Cache), false)
#10 C:\xampp\htdocs\satilik_temalar\tema1\codeigniter4\index.php(67): CodeIgniter\CodeIgniter->run()
#11 {main}
CRITICAL - 2022-08-10 07:21:08 --> You have an error in your SQL syntax; check the manual that corresponds to your MariaDB server version for the right syntax to use near '@demo.com
 LIMIT 1' at line 4
in SYSTEMPATH\Database\MySQLi\Connection.php on line 292.
 1 SYSTEMPATH\Database\MySQLi\Connection.php(292): mysqli->query('SELECT *
FROM `users`
WHERE `email` = \'demo@demo.com\'
AND username = demo@demo.com
 LIMIT 1', 0)
 2 SYSTEMPATH\Database\BaseConnection.php(693): CodeIgniter\Database\MySQLi\Connection->execute('SELECT *
FROM `users`
WHERE `email` = \'demo@demo.com\'
AND username = demo@demo.com
 LIMIT 1')
 3 SYSTEMPATH\Database\BaseConnection.php(620): CodeIgniter\Database\BaseConnection->simpleQuery('SELECT *
FROM `users`
WHERE `email` = \'demo@demo.com\'
AND username = demo@demo.com
 LIMIT 1')
 4 SYSTEMPATH\Database\BaseBuilder.php(1585): CodeIgniter\Database\BaseConnection->query('SELECT *
FROM `users`
WHERE `email` = :email:
AND username = :username:
 LIMIT 1', [...], false)
 5 SYSTEMPATH\Model.php(249): CodeIgniter\Database\BaseBuilder->get()
 6 SYSTEMPATH\BaseModel.php(622): CodeIgniter\Model->doFirst()
 7 APPPATH\Controllers\Backend\Auth.php(52): CodeIgniter\BaseModel->first()
 8 SYSTEMPATH\CodeIgniter.php(898): App\Controllers\Backend\Auth->login_post()
 9 SYSTEMPATH\CodeIgniter.php(457): CodeIgniter\CodeIgniter->runController(Object(App\Controllers\Backend\Auth))
10 SYSTEMPATH\CodeIgniter.php(340): CodeIgniter\CodeIgniter->handleRequest(null, Object(Config\Cache), false)
11 FCPATH\index.php(67): CodeIgniter\CodeIgniter->run()
CRITICAL - 2022-08-10 07:32:39 --> Undefined variable $test
in APPPATH\Views\back\layouts\footer.php on line 64.
 1 APPPATH\Views\back\layouts\footer.php(64): CodeIgniter\Debug\Exceptions->errorHandler(2, 'Undefined variable $test', 'APPPATH\\Views\\back\\layouts\\footer.php', 64)
 2 SYSTEMPATH\View\View.php(213): include('APPPATH\\Views\\back\\layouts\\footer.php')
 3 SYSTEMPATH\View\View.php(216): CodeIgniter\View\View->CodeIgniter\View\{closure}()
 4 SYSTEMPATH\View\View.php(429): CodeIgniter\View\View->render('back/layouts/footer', null, true)
 5 APPPATH\Views\back\layouts\master.php(18): CodeIgniter\View\View->include('back/layouts/footer')
 6 SYSTEMPATH\View\View.php(213): include('APPPATH\\Views\\back\\layouts\\master.php')
 7 SYSTEMPATH\View\View.php(216): CodeIgniter\View\View->CodeIgniter\View\{closure}()
 8 SYSTEMPATH\View\View.php(229): CodeIgniter\View\View->render('back/layouts/master', [], true)
 9 SYSTEMPATH\Common.php(1137): CodeIgniter\View\View->render('back/setting/public_setting', [], true)
10 APPPATH\Controllers\Backend\Settings.php(13): view('back/setting/public_setting', [...])
11 SYSTEMPATH\CodeIgniter.php(898): App\Controllers\Backend\Settings->public_settings()
12 SYSTEMPATH\CodeIgniter.php(457): CodeIgniter\CodeIgniter->runController(Object(App\Controllers\Backend\Settings))
13 SYSTEMPATH\CodeIgniter.php(340): CodeIgniter\CodeIgniter->handleRequest(null, Object(Config\Cache), false)
14 FCPATH\index.php(67): CodeIgniter\CodeIgniter->run()
CRITICAL - 2022-08-10 07:32:46 --> Too few arguments to function CodeIgniter\View\View::__construct(), 0 passed in C:\xampp\htdocs\satilik_temalar\tema1\codeigniter4\app\Controllers\Backend\Dashboard.php on line 11 and at least 1 expected
in SYSTEMPATH\View\View.php on line 140.
 1 APPPATH\Controllers\Backend\Dashboard.php(11): CodeIgniter\View\View->__construct()
 2 SYSTEMPATH\CodeIgniter.php(860): App\Controllers\Backend\Dashboard->__construct()
 3 SYSTEMPATH\CodeIgniter.php(448): CodeIgniter\CodeIgniter->createController()
 4 SYSTEMPATH\CodeIgniter.php(340): CodeIgniter\CodeIgniter->handleRequest(null, Object(Config\Cache), false)
 5 FCPATH\index.php(67): CodeIgniter\CodeIgniter->run()
CRITICAL - 2022-08-10 07:33:36 --> Undefined variable $test
in APPPATH\Views\back\layouts\footer.php on line 64.
 1 APPPATH\Views\back\layouts\footer.php(64): CodeIgniter\Debug\Exceptions->errorHandler(2, 'Undefined variable $test', 'APPPATH\\Views\\back\\layouts\\footer.php', 64)
 2 SYSTEMPATH\View\View.php(213): include('APPPATH\\Views\\back\\layouts\\footer.php')
 3 SYSTEMPATH\View\View.php(216): CodeIgniter\View\View->CodeIgniter\View\{closure}()
 4 SYSTEMPATH\View\View.php(429): CodeIgniter\View\View->render('back/layouts/footer', null, true)
 5 APPPATH\Views\back\layouts\master.php(18): CodeIgniter\View\View->include('back/layouts/footer')
 6 SYSTEMPATH\View\View.php(213): include('APPPATH\\Views\\back\\layouts\\master.php')
 7 SYSTEMPATH\View\View.php(216): CodeIgniter\View\View->CodeIgniter\View\{closure}()
 8 SYSTEMPATH\View\View.php(229): CodeIgniter\View\View->render('back/layouts/master', [], true)
 9 SYSTEMPATH\Common.php(1137): CodeIgniter\View\View->render('back/dashboard', [], true)
10 APPPATH\Controllers\Backend\Dashboard.php(23): view('back/dashboard', [...])
11 SYSTEMPATH\CodeIgniter.php(898): App\Controllers\Backend\Dashboard->index()
12 SYSTEMPATH\CodeIgniter.php(457): CodeIgniter\CodeIgniter->runController(Object(App\Controllers\Backend\Dashboard))
13 SYSTEMPATH\CodeIgniter.php(340): CodeIgniter\CodeIgniter->handleRequest(null, Object(Config\Cache), false)
14 FCPATH\index.php(67): CodeIgniter\CodeIgniter->run()
CRITICAL - 2022-08-10 07:35:25 --> Undefined variable $test
in APPPATH\Views\back\layouts\footer.php on line 64.
 1 APPPATH\Views\back\layouts\footer.php(64): CodeIgniter\Debug\Exceptions->errorHandler(2, 'Undefined variable $test', 'APPPATH\\Views\\back\\layouts\\footer.php', 64)
 2 SYSTEMPATH\View\View.php(213): include('APPPATH\\Views\\back\\layouts\\footer.php')
 3 SYSTEMPATH\View\View.php(216): CodeIgniter\View\View->CodeIgniter\View\{closure}()
 4 SYSTEMPATH\View\View.php(429): CodeIgniter\View\View->render('back/layouts/footer', null, true)
 5 APPPATH\Views\back\layouts\master.php(18): CodeIgniter\View\View->include('back/layouts/footer')
 6 SYSTEMPATH\View\View.php(213): include('APPPATH\\Views\\back\\layouts\\master.php')
 7 SYSTEMPATH\View\View.php(216): CodeIgniter\View\View->CodeIgniter\View\{closure}()
 8 SYSTEMPATH\View\View.php(229): CodeIgniter\View\View->render('back/layouts/master', [], true)
 9 SYSTEMPATH\Common.php(1137): CodeIgniter\View\View->render('back/dashboard', [], true)
10 APPPATH\Controllers\Backend\Dashboard.php(31): view('back/dashboard', [...])
11 SYSTEMPATH\CodeIgniter.php(898): App\Controllers\Backend\Dashboard->index()
12 SYSTEMPATH\CodeIgniter.php(457): CodeIgniter\CodeIgniter->runController(Object(App\Controllers\Backend\Dashboard))
13 SYSTEMPATH\CodeIgniter.php(340): CodeIgniter\CodeIgniter->handleRequest(null, Object(Config\Cache), false)
14 FCPATH\index.php(67): CodeIgniter\CodeIgniter->run()
CRITICAL - 2022-08-10 07:37:45 --> Class "App\Controllers\Back\LoggedController" not found
in APPPATH\Controllers\Backend\Dashboard.php on line 7.
 1 SYSTEMPATH\Autoloader\Autoloader.php(282): include_once()
 2 SYSTEMPATH\Autoloader\Autoloader.php(259): CodeIgniter\Autoloader\Autoloader->includeFile('APPPATH\\Controllers\\Backend\\Dashboard.php')
 3 SYSTEMPATH\Autoloader\Autoloader.php(237): CodeIgniter\Autoloader\Autoloader->loadInNamespace('App\\Controllers\\Backend\\Dashboard')
 4 [internal function]: CodeIgniter\Autoloader\Autoloader->loadClass('App\\Controllers\\Backend\\Dashboard')
 5 SYSTEMPATH\CodeIgniter.php(848): class_exists('\\App\\Controllers\\Backend\\Dashboard', true)
 6 SYSTEMPATH\CodeIgniter.php(444): CodeIgniter\CodeIgniter->startController()
 7 SYSTEMPATH\CodeIgniter.php(340): CodeIgniter\CodeIgniter->handleRequest(null, Object(Config\Cache), false)
 8 FCPATH\index.php(67): CodeIgniter\CodeIgniter->run()
CRITICAL - 2022-08-10 07:38:01 --> Undefined variable $test
in APPPATH\Views\back\layouts\footer.php on line 64.
 1 APPPATH\Views\back\layouts\footer.php(64): CodeIgniter\Debug\Exceptions->errorHandler(2, 'Undefined variable $test', 'APPPATH\\Views\\back\\layouts\\footer.php', 64)
 2 SYSTEMPATH\View\View.php(213): include('APPPATH\\Views\\back\\layouts\\footer.php')
 3 SYSTEMPATH\View\View.php(216): CodeIgniter\View\View->CodeIgniter\View\{closure}()
 4 SYSTEMPATH\View\View.php(429): CodeIgniter\View\View->render('back/layouts/footer', null, true)
 5 APPPATH\Views\back\layouts\master.php(18): CodeIgniter\View\View->include('back/layouts/footer')
 6 SYSTEMPATH\View\View.php(213): include('APPPATH\\Views\\back\\layouts\\master.php')
 7 SYSTEMPATH\View\View.php(216): CodeIgniter\View\View->CodeIgniter\View\{closure}()
 8 SYSTEMPATH\View\View.php(229): CodeIgniter\View\View->render('back/layouts/master', [], true)
 9 SYSTEMPATH\Common.php(1137): CodeIgniter\View\View->render('back/dashboard', [], true)
10 APPPATH\Controllers\Backend\Dashboard.php(19): view('back/dashboard', [...])
11 SYSTEMPATH\CodeIgniter.php(898): App\Controllers\Backend\Dashboard->index()
12 SYSTEMPATH\CodeIgniter.php(457): CodeIgniter\CodeIgniter->runController(Object(App\Controllers\Backend\Dashboard))
13 SYSTEMPATH\CodeIgniter.php(340): CodeIgniter\CodeIgniter->handleRequest(null, Object(Config\Cache), false)
14 FCPATH\index.php(67): CodeIgniter\CodeIgniter->run()
CRITICAL - 2022-08-10 07:39:40 --> Class "App\Controllers\Backend\LoggedController" not found
in APPPATH\Controllers\Backend\Dashboard.php on line 7.
 1 SYSTEMPATH\Autoloader\Autoloader.php(282): include_once()
 2 SYSTEMPATH\Autoloader\Autoloader.php(259): CodeIgniter\Autoloader\Autoloader->includeFile('APPPATH\\Controllers\\Backend\\Dashboard.php')
 3 SYSTEMPATH\Autoloader\Autoloader.php(237): CodeIgniter\Autoloader\Autoloader->loadInNamespace('App\\Controllers\\Backend\\Dashboard')
 4 [internal function]: CodeIgniter\Autoloader\Autoloader->loadClass('App\\Controllers\\Backend\\Dashboard')
 5 SYSTEMPATH\CodeIgniter.php(848): class_exists('\\App\\Controllers\\Backend\\Dashboard', true)
 6 SYSTEMPATH\CodeIgniter.php(444): CodeIgniter\CodeIgniter->startController()
 7 SYSTEMPATH\CodeIgniter.php(340): CodeIgniter\CodeIgniter->handleRequest(null, Object(Config\Cache), false)
 8 FCPATH\index.php(67): CodeIgniter\CodeIgniter->run()
CRITICAL - 2022-08-10 07:39:49 --> Class "App\Controllers\LoggedController" not found
in APPPATH\Controllers\Backend\Dashboard.php on line 7.
 1 SYSTEMPATH\Autoloader\Autoloader.php(282): include_once()
 2 SYSTEMPATH\Autoloader\Autoloader.php(259): CodeIgniter\Autoloader\Autoloader->includeFile('APPPATH\\Controllers\\Backend\\Dashboard.php')
 3 SYSTEMPATH\Autoloader\Autoloader.php(237): CodeIgniter\Autoloader\Autoloader->loadInNamespace('App\\Controllers\\Backend\\Dashboard')
 4 [internal function]: CodeIgniter\Autoloader\Autoloader->loadClass('App\\Controllers\\Backend\\Dashboard')
 5 SYSTEMPATH\CodeIgniter.php(848): class_exists('\\App\\Controllers\\Backend\\Dashboard', true)
 6 SYSTEMPATH\CodeIgniter.php(444): CodeIgniter\CodeIgniter->startController()
 7 SYSTEMPATH\CodeIgniter.php(340): CodeIgniter\CodeIgniter->handleRequest(null, Object(Config\Cache), false)
 8 FCPATH\index.php(67): CodeIgniter\CodeIgniter->run()
CRITICAL - 2022-08-10 09:52:21 --> syntax error, unexpected token "return"
in APPPATH\Controllers\Backend\Settings.php on line 44.
 1 SYSTEMPATH\Autoloader\Autoloader.php(259): CodeIgniter\Autoloader\Autoloader->includeFile('APPPATH\\Controllers\\Backend\\Settings.php')
 2 SYSTEMPATH\Autoloader\Autoloader.php(237): CodeIgniter\Autoloader\Autoloader->loadInNamespace('App\\Controllers\\Backend\\Settings')
 3 [internal function]: CodeIgniter\Autoloader\Autoloader->loadClass('App\\Controllers\\Backend\\Settings')
 4 SYSTEMPATH\CodeIgniter.php(848): class_exists('\\App\\Controllers\\Backend\\Settings', true)
 5 SYSTEMPATH\CodeIgniter.php(444): CodeIgniter\CodeIgniter->startController()
 6 SYSTEMPATH\CodeIgniter.php(340): CodeIgniter\CodeIgniter->handleRequest(null, Object(Config\Cache), false)
 7 FCPATH\index.php(67): CodeIgniter\CodeIgniter->run()
CRITICAL - 2022-08-10 09:52:29 --> Call to a member function find() on null
in APPPATH\Controllers\Backend\Settings.php on line 39.
 1 SYSTEMPATH\CodeIgniter.php(898): App\Controllers\Backend\Settings->public_settings_post()
 2 SYSTEMPATH\CodeIgniter.php(457): CodeIgniter\CodeIgniter->runController(Object(App\Controllers\Backend\Settings))
 3 SYSTEMPATH\CodeIgniter.php(340): CodeIgniter\CodeIgniter->handleRequest(null, Object(Config\Cache), false)
 4 FCPATH\index.php(67): CodeIgniter\CodeIgniter->run()
CRITICAL - 2022-08-10 09:52:32 --> Call to a member function find() on null
in APPPATH\Controllers\Backend\Settings.php on line 39.
 1 SYSTEMPATH\CodeIgniter.php(898): App\Controllers\Backend\Settings->public_settings_post()
 2 SYSTEMPATH\CodeIgniter.php(457): CodeIgniter\CodeIgniter->runController(Object(App\Controllers\Backend\Settings))
 3 SYSTEMPATH\CodeIgniter.php(340): CodeIgniter\CodeIgniter->handleRequest(null, Object(Config\Cache), false)
 4 FCPATH\index.php(67): CodeIgniter\CodeIgniter->run()
CRITICAL - 2022-08-10 09:52:42 --> Call to a member function find() on null
in APPPATH\Controllers\Backend\Settings.php on line 39.
 1 SYSTEMPATH\CodeIgniter.php(898): App\Controllers\Backend\Settings->public_settings_post()
 2 SYSTEMPATH\CodeIgniter.php(457): CodeIgniter\CodeIgniter->runController(Object(App\Controllers\Backend\Settings))
 3 SYSTEMPATH\CodeIgniter.php(340): CodeIgniter\CodeIgniter->handleRequest(null, Object(Config\Cache), false)
 4 FCPATH\index.php(67): CodeIgniter\CodeIgniter->run()
CRITICAL - 2022-08-10 09:52:43 --> Call to a member function find() on null
in APPPATH\Controllers\Backend\Settings.php on line 39.
 1 SYSTEMPATH\CodeIgniter.php(898): App\Controllers\Backend\Settings->public_settings_post()
 2 SYSTEMPATH\CodeIgniter.php(457): CodeIgniter\CodeIgniter->runController(Object(App\Controllers\Backend\Settings))
 3 SYSTEMPATH\CodeIgniter.php(340): CodeIgniter\CodeIgniter->handleRequest(null, Object(Config\Cache), false)
 4 FCPATH\index.php(67): CodeIgniter\CodeIgniter->run()
CRITICAL - 2022-08-10 09:52:50 --> Call to a member function get() on null
in APPPATH\Controllers\Backend\Settings.php on line 39.
 1 SYSTEMPATH\CodeIgniter.php(898): App\Controllers\Backend\Settings->public_settings_post()
 2 SYSTEMPATH\CodeIgniter.php(457): CodeIgniter\CodeIgniter->runController(Object(App\Controllers\Backend\Settings))
 3 SYSTEMPATH\CodeIgniter.php(340): CodeIgniter\CodeIgniter->handleRequest(null, Object(Config\Cache), false)
 4 FCPATH\index.php(67): CodeIgniter\CodeIgniter->run()
CRITICAL - 2022-08-10 09:54:13 --> Call to a member function get() on null
in APPPATH\Controllers\Backend\Settings.php on line 39.
 1 SYSTEMPATH\CodeIgniter.php(898): App\Controllers\Backend\Settings->public_settings_post()
 2 SYSTEMPATH\CodeIgniter.php(457): CodeIgniter\CodeIgniter->runController(Object(App\Controllers\Backend\Settings))
 3 SYSTEMPATH\CodeIgniter.php(340): CodeIgniter\CodeIgniter->handleRequest(null, Object(Config\Cache), false)
 4 FCPATH\index.php(67): CodeIgniter\CodeIgniter->run()
CRITICAL - 2022-08-10 09:54:17 --> Call to a member function find() on null
in APPPATH\Controllers\Backend\Settings.php on line 39.
 1 SYSTEMPATH\CodeIgniter.php(898): App\Controllers\Backend\Settings->public_settings_post()
 2 SYSTEMPATH\CodeIgniter.php(457): CodeIgniter\CodeIgniter->runController(Object(App\Controllers\Backend\Settings))
 3 SYSTEMPATH\CodeIgniter.php(340): CodeIgniter\CodeIgniter->handleRequest(null, Object(Config\Cache), false)
 4 FCPATH\index.php(67): CodeIgniter\CodeIgniter->run()
CRITICAL - 2022-08-10 09:54:18 --> Call to a member function find() on null
in APPPATH\Controllers\Backend\Settings.php on line 39.
 1 SYSTEMPATH\CodeIgniter.php(898): App\Controllers\Backend\Settings->public_settings_post()
 2 SYSTEMPATH\CodeIgniter.php(457): CodeIgniter\CodeIgniter->runController(Object(App\Controllers\Backend\Settings))
 3 SYSTEMPATH\CodeIgniter.php(340): CodeIgniter\CodeIgniter->handleRequest(null, Object(Config\Cache), false)
 4 FCPATH\index.php(67): CodeIgniter\CodeIgniter->run()
CRITICAL - 2022-08-10 09:55:18 --> Class "App\Models\SettingsModel" not found
in APPPATH\Controllers\Backend\Settings.php on line 37.
 1 SYSTEMPATH\CodeIgniter.php(898): App\Controllers\Backend\Settings->public_settings_post()
 2 SYSTEMPATH\CodeIgniter.php(457): CodeIgniter\CodeIgniter->runController(Object(App\Controllers\Backend\Settings))
 3 SYSTEMPATH\CodeIgniter.php(340): CodeIgniter\CodeIgniter->handleRequest(null, Object(Config\Cache), false)
 4 FCPATH\index.php(67): CodeIgniter\CodeIgniter->run()
CRITICAL - 2022-08-10 09:56:28 --> There is no data to update.
in SYSTEMPATH\BaseModel.php on line 1577.
 1 SYSTEMPATH\BaseModel.php(1577): CodeIgniter\Database\Exceptions\DataException::forEmptyDataset('update')
 2 SYSTEMPATH\BaseModel.php(832): CodeIgniter\BaseModel->transformDataToArray(null, 'update')
 3 SYSTEMPATH\Model.php(692): CodeIgniter\BaseModel->update([...], null)
 4 APPPATH\Controllers\Backend\Settings.php(40): CodeIgniter\Model->update([...])
 5 SYSTEMPATH\CodeIgniter.php(898): App\Controllers\Backend\Settings->public_settings_post()
 6 SYSTEMPATH\CodeIgniter.php(457): CodeIgniter\CodeIgniter->runController(Object(App\Controllers\Backend\Settings))
 7 SYSTEMPATH\CodeIgniter.php(340): CodeIgniter\CodeIgniter->handleRequest(null, Object(Config\Cache), false)
 8 FCPATH\index.php(67): CodeIgniter\CodeIgniter->run()
CRITICAL - 2022-08-10 09:57:28 --> Allowed fields must be specified for model: App\Models\SettingsModel
in SYSTEMPATH\BaseModel.php on line 1139.
 1 SYSTEMPATH\BaseModel.php(1139): CodeIgniter\Database\Exceptions\DataException::forInvalidAllowedFields('App\\Models\\SettingsModel')
 2 SYSTEMPATH\BaseModel.php(713): CodeIgniter\BaseModel->doProtectFields([...])
 3 SYSTEMPATH\Model.php(666): CodeIgniter\BaseModel->insert([...], false)
 4 SYSTEMPATH\BaseModel.php(658): CodeIgniter\Model->insert([...], false)
 5 APPPATH\Controllers\Backend\Settings.php(40): CodeIgniter\BaseModel->save([...])
 6 SYSTEMPATH\CodeIgniter.php(898): App\Controllers\Backend\Settings->public_settings_post()
 7 SYSTEMPATH\CodeIgniter.php(457): CodeIgniter\CodeIgniter->runController(Object(App\Controllers\Backend\Settings))
 8 SYSTEMPATH\CodeIgniter.php(340): CodeIgniter\CodeIgniter->handleRequest(null, Object(Config\Cache), false)
 9 FCPATH\index.php(67): CodeIgniter\CodeIgniter->run()
CRITICAL - 2022-08-10 09:57:29 --> Allowed fields must be specified for model: App\Models\SettingsModel
in SYSTEMPATH\BaseModel.php on line 1139.
 1 SYSTEMPATH\BaseModel.php(1139): CodeIgniter\Database\Exceptions\DataException::forInvalidAllowedFields('App\\Models\\SettingsModel')
 2 SYSTEMPATH\BaseModel.php(713): CodeIgniter\BaseModel->doProtectFields([...])
 3 SYSTEMPATH\Model.php(666): CodeIgniter\BaseModel->insert([...], false)
 4 SYSTEMPATH\BaseModel.php(658): CodeIgniter\Model->insert([...], false)
 5 APPPATH\Controllers\Backend\Settings.php(40): CodeIgniter\BaseModel->save([...])
 6 SYSTEMPATH\CodeIgniter.php(898): App\Controllers\Backend\Settings->public_settings_post()
 7 SYSTEMPATH\CodeIgniter.php(457): CodeIgniter\CodeIgniter->runController(Object(App\Controllers\Backend\Settings))
 8 SYSTEMPATH\CodeIgniter.php(340): CodeIgniter\CodeIgniter->handleRequest(null, Object(Config\Cache), false)
 9 FCPATH\index.php(67): CodeIgniter\CodeIgniter->run()
CRITICAL - 2022-08-10 09:58:42 --> Call to a member function save() on array
in APPPATH\Controllers\Backend\Settings.php on line 41.
 1 SYSTEMPATH\CodeIgniter.php(898): App\Controllers\Backend\Settings->public_settings_post()
 2 SYSTEMPATH\CodeIgniter.php(457): CodeIgniter\CodeIgniter->runController(Object(App\Controllers\Backend\Settings))
 3 SYSTEMPATH\CodeIgniter.php(340): CodeIgniter\CodeIgniter->handleRequest(null, Object(Config\Cache), false)
 4 FCPATH\index.php(67): CodeIgniter\CodeIgniter->run()
CRITICAL - 2022-08-10 10:00:12 --> Attempt to assign property "title" on array
in APPPATH\Controllers\Backend\Settings.php on line 41.
 1 SYSTEMPATH\CodeIgniter.php(898): App\Controllers\Backend\Settings->public_settings_post()
 2 SYSTEMPATH\CodeIgniter.php(457): CodeIgniter\CodeIgniter->runController(Object(App\Controllers\Backend\Settings))
 3 SYSTEMPATH\CodeIgniter.php(340): CodeIgniter\CodeIgniter->handleRequest(null, Object(Config\Cache), false)
 4 FCPATH\index.php(67): CodeIgniter\CodeIgniter->run()
CRITICAL - 2022-08-10 10:00:26 --> Attempt to assign property "title" on array
in APPPATH\Controllers\Backend\Settings.php on line 41.
 1 SYSTEMPATH\CodeIgniter.php(898): App\Controllers\Backend\Settings->public_settings_post()
 2 SYSTEMPATH\CodeIgniter.php(457): CodeIgniter\CodeIgniter->runController(Object(App\Controllers\Backend\Settings))
 3 SYSTEMPATH\CodeIgniter.php(340): CodeIgniter\CodeIgniter->handleRequest(null, Object(Config\Cache), false)
 4 FCPATH\index.php(67): CodeIgniter\CodeIgniter->run()
CRITICAL - 2022-08-10 10:47:42 --> Undefined constant "App\Controllers\Backend\WRITE_PATH"
in APPPATH\Controllers\Backend\Settings.php on line 13.
 1 SYSTEMPATH\CodeIgniter.php(898): App\Controllers\Backend\Settings->contact_settings()
 2 SYSTEMPATH\CodeIgniter.php(457): CodeIgniter\CodeIgniter->runController(Object(App\Controllers\Backend\Settings))
 3 SYSTEMPATH\CodeIgniter.php(340): CodeIgniter\CodeIgniter->handleRequest(null, Object(Config\Cache), false)
 4 FCPATH\index.php(67): CodeIgniter\CodeIgniter->run()
CRITICAL - 2022-08-10 10:51:42 --> Undefined constant "App\Controllers\Backend\PUBLICPATH"
in APPPATH\Controllers\Backend\Settings.php on line 13.
 1 SYSTEMPATH\CodeIgniter.php(898): App\Controllers\Backend\Settings->contact_settings()
 2 SYSTEMPATH\CodeIgniter.php(457): CodeIgniter\CodeIgniter->runController(Object(App\Controllers\Backend\Settings))
 3 SYSTEMPATH\CodeIgniter.php(340): CodeIgniter\CodeIgniter->handleRequest(null, Object(Config\Cache), false)
 4 FCPATH\index.php(67): CodeIgniter\CodeIgniter->run()
CRITICAL - 2022-08-10 10:56:45 --> syntax error, unexpected variable "$img"
in APPPATH\Controllers\Backend\Settings.php on line 82.
 1 SYSTEMPATH\Autoloader\Autoloader.php(259): CodeIgniter\Autoloader\Autoloader->includeFile('APPPATH\\Controllers\\Backend\\Settings.php')
 2 SYSTEMPATH\Autoloader\Autoloader.php(237): CodeIgniter\Autoloader\Autoloader->loadInNamespace('App\\Controllers\\Backend\\Settings')
 3 [internal function]: CodeIgniter\Autoloader\Autoloader->loadClass('App\\Controllers\\Backend\\Settings')
 4 SYSTEMPATH\CodeIgniter.php(848): class_exists('\\App\\Controllers\\Backend\\Settings', true)
 5 SYSTEMPATH\CodeIgniter.php(444): CodeIgniter\CodeIgniter->startController()
 6 SYSTEMPATH\CodeIgniter.php(340): CodeIgniter\CodeIgniter->handleRequest(null, Object(Config\Cache), false)
 7 FCPATH\index.php(67): CodeIgniter\CodeIgniter->run()
CRITICAL - 2022-08-10 10:58:11 --> Undefined variable $file
in APPPATH\Controllers\Backend\Settings.php on line 86.
 1 APPPATH\Controllers\Backend\Settings.php(86): CodeIgniter\Debug\Exceptions->errorHandler(2, 'Undefined variable $file', 'APPPATH\\Controllers\\Backend\\Settings.php', 86)
 2 SYSTEMPATH\CodeIgniter.php(898): App\Controllers\Backend\Settings->public_settings_post()
 3 SYSTEMPATH\CodeIgniter.php(457): CodeIgniter\CodeIgniter->runController(Object(App\Controllers\Backend\Settings))
 4 SYSTEMPATH\CodeIgniter.php(340): CodeIgniter\CodeIgniter->handleRequest(null, Object(Config\Cache), false)
 5 FCPATH\index.php(67): CodeIgniter\CodeIgniter->run()
CRITICAL - 2022-08-10 11:02:06 --> Undefined variable $file
in APPPATH\Controllers\Backend\Settings.php on line 86.
 1 APPPATH\Controllers\Backend\Settings.php(86): CodeIgniter\Debug\Exceptions->errorHandler(2, 'Undefined variable $file', 'APPPATH\\Controllers\\Backend\\Settings.php', 86)
 2 SYSTEMPATH\CodeIgniter.php(898): App\Controllers\Backend\Settings->public_settings_post()
 3 SYSTEMPATH\CodeIgniter.php(457): CodeIgniter\CodeIgniter->runController(Object(App\Controllers\Backend\Settings))
 4 SYSTEMPATH\CodeIgniter.php(340): CodeIgniter\CodeIgniter->handleRequest(null, Object(Config\Cache), false)
 5 FCPATH\index.php(67): CodeIgniter\CodeIgniter->run()
